<?xml version="1.0" encoding="UTF-8"?>
<testng-results ignored="0" total="5" passed="5" failed="0" skipped="0">
  <reporter-output>
  </reporter-output>
  <suite started-at="2023-04-21T15:49:08 EDT" name="Default suite" finished-at="2023-04-21T15:49:25 EDT" duration-ms="16592">
    <groups>
      <group name="cucumber">
        <method signature="AbstractTestNGCucumberTests.runScenario(io.cucumber.testng.PickleWrapper,io.cucumber.testng.FeatureWrapper)[pri:0, instance:demosauce.testscripts.TestRunner@5b8dfcc1]" name="runScenario" class="io.cucumber.testng.AbstractTestNGCucumberTests"/>
      </group> <!-- cucumber -->
    </groups>
    <test started-at="2023-04-21T15:49:08 EDT" name="Default test" finished-at="2023-04-21T15:49:25 EDT" duration-ms="16592">
      <class name="demosauce.testscripts.TestRunner">
        <test-method is-config="true" signature="setUpClass(org.testng.ITestContext)[pri:0, instance:demosauce.testscripts.TestRunner@5b8dfcc1]" started-at="2023-04-21T15:49:08 EDT" name="setUpClass" finished-at="2023-04-21T15:49:09 EDT" duration-ms="492" status="PASS">
          <params>
            <param index="0">
              <value>
                <![CDATA[org.testng.TestRunner@2b9e69fb]]>
              </value>
            </param>
          </params>
          <reporter-output>
          </reporter-output>
        </test-method> <!-- setUpClass -->
        <test-method signature="runScenario(io.cucumber.testng.PickleWrapper,io.cucumber.testng.FeatureWrapper)[pri:0, instance:demosauce.testscripts.TestRunner@5b8dfcc1]" started-at="2023-04-21T15:49:09 EDT" name="runScenario" description="Runs Cucumber Scenarios" data-provider="scenarios" finished-at="2023-04-21T15:49:13 EDT" duration-ms="4356" status="PASS">
          <params>
            <param index="0">
              <value>
                <![CDATA["Buy two items at the first scenario"]]>
              </value>
            </param>
            <param index="1">
              <value>
                <![CDATA["Optional[First scenario test]"]]>
              </value>
            </param>
          </params>
          <reporter-output>
          </reporter-output>
        </test-method> <!-- runScenario -->
        <test-method signature="runScenario(io.cucumber.testng.PickleWrapper,io.cucumber.testng.FeatureWrapper)[pri:0, instance:demosauce.testscripts.TestRunner@5b8dfcc1]" started-at="2023-04-21T15:49:13 EDT" name="runScenario" description="Runs Cucumber Scenarios" data-provider="scenarios" finished-at="2023-04-21T15:49:14 EDT" duration-ms="1556" status="PASS">
          <params>
            <param index="0">
              <value>
                <![CDATA["Second scenario"]]>
              </value>
            </param>
            <param index="1">
              <value>
                <![CDATA["Optional[Second scenario test]"]]>
              </value>
            </param>
          </params>
          <reporter-output>
          </reporter-output>
        </test-method> <!-- runScenario -->
        <test-method signature="runScenario(io.cucumber.testng.PickleWrapper,io.cucumber.testng.FeatureWrapper)[pri:0, instance:demosauce.testscripts.TestRunner@5b8dfcc1]" started-at="2023-04-21T15:49:14 EDT" name="runScenario" description="Runs Cucumber Scenarios" data-provider="scenarios" finished-at="2023-04-21T15:49:17 EDT" duration-ms="2267" status="PASS">
          <params>
            <param index="0">
              <value>
                <![CDATA[""]]>
              </value>
            </param>
            <param index="1">
              <value>
                <![CDATA["Optional.empty"]]>
              </value>
            </param>
          </params>
          <reporter-output>
          </reporter-output>
        </test-method> <!-- runScenario -->
        <test-method signature="runScenario(io.cucumber.testng.PickleWrapper,io.cucumber.testng.FeatureWrapper)[pri:0, instance:demosauce.testscripts.TestRunner@5b8dfcc1]" started-at="2023-04-21T15:49:17 EDT" name="runScenario" description="Runs Cucumber Scenarios" data-provider="scenarios" finished-at="2023-04-21T15:49:20 EDT" duration-ms="3134" status="PASS">
          <params>
            <param index="0">
              <value>
                <![CDATA[""]]>
              </value>
            </param>
            <param index="1">
              <value>
                <![CDATA["Optional.empty"]]>
              </value>
            </param>
          </params>
          <reporter-output>
          </reporter-output>
        </test-method> <!-- runScenario -->
        <test-method signature="runScenario(io.cucumber.testng.PickleWrapper,io.cucumber.testng.FeatureWrapper)[pri:0, instance:demosauce.testscripts.TestRunner@5b8dfcc1]" started-at="2023-04-21T15:49:20 EDT" name="runScenario" description="Runs Cucumber Scenarios" data-provider="scenarios" finished-at="2023-04-21T15:49:22 EDT" duration-ms="2600" status="PASS">
          <params>
            <param index="0">
              <value>
                <![CDATA["fourth scenario"]]>
              </value>
            </param>
            <param index="1">
              <value>
                <![CDATA["Optional[fourth scenario test]"]]>
              </value>
            </param>
          </params>
          <reporter-output>
          </reporter-output>
        </test-method> <!-- runScenario -->
        <test-method is-config="true" signature="tearDownClass()[pri:0, instance:demosauce.testscripts.TestRunner@5b8dfcc1]" started-at="2023-04-21T15:49:22 EDT" name="tearDownClass" finished-at="2023-04-21T15:49:25 EDT" duration-ms="2149" status="PASS">
          <reporter-output>
          </reporter-output>
        </test-method> <!-- tearDownClass -->
      </class> <!-- demosauce.testscripts.TestRunner -->
    </test> <!-- Default test -->
  </suite> <!-- Default suite -->
</testng-results>
