<?xml version="1.0" encoding="UTF-8"?>
<!-- Generated by org.testng.reporters.JUnitXMLReporter -->
<testsuite ignored="0" hostname="Mohsin_PC" failures="0" tests="5" name="Test" time="20.429" errors="0" timestamp="2023-04-18T12:55:14 EDT">
  <testcase classname="demosauce.testscripts.BuyproductTest" name="buyProduts" time="1.27"/>
  <testcase classname="demosauce.testscripts.ScenarioFive" name="lastTestCase" time="1.588"/>
  <testcase classname="demosauce.testscripts.ScenarioFour" name="varifySccessMsg" time="1.123"/>
  <testcase classname="demosauce.testscripts.ScenarioThreeTest" name="verifyErrorOfName" time="1.469"/>
  <testcase classname="demosauce.testscripts.VerifyErrMsgTest" name="verifyErrMsg" time="0.609"/>
</testsuite> <!-- Test -->
