<?xml version="1.0" encoding="UTF-8"?>
<testng-results ignored="0" total="3" passed="3" failed="0" skipped="0">
  <reporter-output>
  </reporter-output>
  <suite started-at="2023-04-27T17:46:54 EDT" name="Default suite" finished-at="2023-04-27T17:46:59 EDT" duration-ms="5343">
    <groups>
    </groups>
    <test started-at="2023-04-27T17:46:54 EDT" name="Default test" finished-at="2023-04-27T17:46:59 EDT" duration-ms="5343">
      <class name="demo.CreateUpdateDeleteUsers">
        <test-method is-config="true" signature="createPaylod()[pri:0, instance:demo.CreateUpdateDeleteUsers@ba54932]" started-at="2023-04-27T17:46:54 EDT" name="createPaylod" finished-at="2023-04-27T17:46:54 EDT" duration-ms="457" status="PASS">
          <reporter-output>
          </reporter-output>
        </test-method> <!-- createPaylod -->
        <test-method signature="createUser()[pri:0, instance:demo.CreateUpdateDeleteUsers@ba54932]" started-at="2023-04-27T17:46:55 EDT" name="createUser" finished-at="2023-04-27T17:46:58 EDT" duration-ms="3303" status="PASS">
          <reporter-output>
          </reporter-output>
        </test-method> <!-- createUser -->
        <test-method signature="updateUser()[pri:1, instance:demo.CreateUpdateDeleteUsers@ba54932]" started-at="2023-04-27T17:46:58 EDT" name="updateUser" finished-at="2023-04-27T17:46:58 EDT" duration-ms="524" status="PASS">
          <reporter-output>
          </reporter-output>
        </test-method> <!-- updateUser -->
        <test-method signature="deleteUuser()[pri:2, instance:demo.CreateUpdateDeleteUsers@ba54932]" started-at="2023-04-27T17:46:58 EDT" name="deleteUuser" finished-at="2023-04-27T17:46:59 EDT" duration-ms="1001" status="PASS">
          <reporter-output>
          </reporter-output>
        </test-method> <!-- deleteUuser -->
      </class> <!-- demo.CreateUpdateDeleteUsers -->
    </test> <!-- Default test -->
  </suite> <!-- Default suite -->
</testng-results>
