<?xml version="1.0" encoding="UTF-8"?>
<!-- Generated by org.testng.reporters.JUnitXMLReporter -->
<testsuite ignored="0" hostname="Mohsin_PC" failures="0" tests="3" name="Default test" time="5.343" errors="0" timestamp="2023-04-27T17:46:59 EDT">
  <testcase classname="demo.CreateUpdateDeleteUsers" name="createUser" time="3.303"/>
  <testcase classname="demo.CreateUpdateDeleteUsers" name="updateUser" time="0.524"/>
  <testcase classname="demo.CreateUpdateDeleteUsers" name="deleteUuser" time="1.001"/>
</testsuite> <!-- Default test -->
